_51Park/build/outputs/logs/manifest-merger-androids-release-report.txt
-- Merging decision tree log ---
manifest
ADDED from src/main/AndroidManifest.xml:2:1-576:12
INJECTED from src/main/AndroidManifest.xml:2:1-576:12
INJECTED from src/main/AndroidManifest.xml:2:1-576:12
INJECTED from src/main/AndroidManifest.xml:2:1-576:12
MERGED from [com.android.support:multidex:1.0.2] AndroidManifest.xml:17:1-22:12
MERGED from [:androidPullToRefreshlibrary] AndroidManifest.xml:2:1-13:12
MERGED from [:viewPageIndicator_library] AndroidManifest.xml:2:1-11:12
MERGED from [com.zhy:autolayout:1.4.5] AndroidManifest.xml:2:1-12:12
MERGED from [com.android.support:design:26.1.0] AndroidManifest.xml:17:1-31:12
MERGED from [com.jaeger.statusbaruitl:library:1.3.2] AndroidManifest.xml:2:1-13:12
MERGED from [com.zhy:okhttputils:2.6.2] AndroidManifest.xml:2:1-11:12
MERGED from [com.uwetrottmann.photoview:library:1.2.4] AndroidManifest.xml:2:1-11:12
MERGED from [com.android.support:transition:26.1.0] AndroidManifest.xml:17:1-28:12
MERGED from [com.android.support:appcompat-v7:26.1.0] AndroidManifest.xml:17:1-31:12
MERGED from [com.android.support:support-v4:26.1.0] AndroidManifest.xml:17:1-31:12
MERGED from [com.android.support:recyclerview-v7:26.1.0] AndroidManifest.xml:17:1-28:12
MERGED from [com.android.support:animated-vector-drawable:26.1.0] AndroidManifest.xml:17:1-28:12
MERGED from [com.android.support:support-fragment:26.1.0] AndroidManifest.xml:17:1-31:12
MERGED from [com.android.support:support-core-ui:26.1.0] AndroidManifest.xml:17:1-31:12
MERGED from [com.android.support:support-vector-drawable:26.1.0] AndroidManifest.xml:17:1-28:12
MERGED from [com.android.support:support-media-compat:26.1.0] AndroidManifest.xml:17:1-31:12
MERGED from [com.android.support:support-core-utils:26.1.0] AndroidManifest.xml:17:1-31:12
MERGED from [com.android.support:support-compat:26.1.0] AndroidManifest.xml:17:1-31:12
MERGED from [android.arch.lifecycle:runtime:1.0.0] AndroidManifest.xml:17:1-30:12
INJECTED from src/main/AndroidManifest.xml:2:1-576:12
INJECTED from src/main/AndroidManifest.xml:2:1-576:12
INJECTED from src/main/AndroidManifest.xml:2:1-576:12
	package
		ADDED from src/main/AndroidManifest.xml:4:5-30
		INJECTED from src/main/AndroidManifest.xml
		INJECTED from src/main/AndroidManifest.xml
	android:versionName
		INJECTED from src/main/AndroidManifest.xml
		ADDED from src/main/AndroidManifest.xml:2:1-576:12
		INJECTED from src/main/AndroidManifest.xml
	xmlns:tools
		ADDED from src/main/AndroidManifest.xml:3:5-51
	android:versionCode
		INJECTED from src/main/AndroidManifest.xml
		ADDED from src/main/AndroidManifest.xml:2:1-576:12
		INJECTED from src/main/AndroidManifest.xml
	xmlns:android
		ADDED from src/main/AndroidManifest.xml:2:11-69
supports-screens
ADDED from src/main/AndroidManifest.xml:7:5-12:40
	android:largeScreens
		ADDED from src/main/AndroidManifest.xml:9:9-36
	android:smallScreens
		ADDED from src/main/AndroidManifest.xml:11:9-36
	android:normalScreens
		ADDED from src/main/AndroidManifest.xml:10:9-37
	android:xlargeScreens
		ADDED from src/main/AndroidManifest.xml:12:9-37
	android:anyDensity
		ADDED from src/main/AndroidManifest.xml:8:9-34
uses-permission#android.permission.INTERNET
ADDED from src/main/AndroidManifest.xml:15:5-67
	android:name
		ADDED from src/main/AndroidManifest.xml:15:22-64
uses-permission#android.permission.CALL_PHONE
ADDED from src/main/AndroidManifest.xml:16:5-69
	android:name
		ADDED from src/main/AndroidManifest.xml:16:22-66
uses-permission#android.permission.ACCESS_WIFI_STATE
ADDED from src/main/AndroidManifest.xml:19:5-76
	android:name
		ADDED from src/main/AndroidManifest.xml:19:22-73
uses-permission#android.permission.ACCESS_NETWORK_STATE
ADDED from src/main/AndroidManifest.xml:22:5-79
	android:name
		ADDED from src/main/AndroidManifest.xml:22:22-76
uses-permission#android.permission.READ_PHONE_STATE
ADDED from src/main/AndroidManifest.xml:25:5-75
	android:name
		ADDED from src/main/AndroidManifest.xml:25:22-72
uses-permission#android.permission.FLASHLIGHT
ADDED from src/main/AndroidManifest.xml:26:5-69
	android:name
		ADDED from src/main/AndroidManifest.xml:26:22-66
uses-permission#android.permission.VIBRATE
ADDED from src/main/AndroidManifest.xml:27:5-66
	android:name
		ADDED from src/main/AndroidManifest.xml:27:22-63
uses-permission#android.permission.RECEIVE_SMS
ADDED from src/main/AndroidManifest.xml:28:5-70
	android:name
		ADDED from src/main/AndroidManifest.xml:28:22-67
uses-permission#android.permission.READ_SMS
ADDED from src/main/AndroidManifest.xml:29:5-67
	android:name
		ADDED from src/main/AndroidManifest.xml:29:22-64
uses-permission#android.permission.RECORD_AUDIO
ADDED from src/main/AndroidManifest.xml:30:5-71
	android:name
		ADDED from src/main/AndroidManifest.xml:30:22-68
uses-permission#android.permission.PROCESS_OUTGOING_CALLS
ADDED from src/main/AndroidManifest.xml:31:5-81
	android:name
		ADDED from src/main/AndroidManifest.xml:31:22-78
uses-permission#android.permission.MODIFY_AUDIO_SETTINGS
ADDED from src/main/AndroidManifest.xml:32:5-80
	android:name
		ADDED from src/main/AndroidManifest.xml:32:22-77
uses-permission#android.permission.GET_TASKS
ADDED from src/main/AndroidManifest.xml:33:5-68
	android:name
		ADDED from src/main/AndroidManifest.xml:33:22-65
uses-permission#android.permission.BAIDU_LOCATION_SERVICE
ADDED from src/main/AndroidManifest.xml:34:5-81
	android:name
		ADDED from src/main/AndroidManifest.xml:34:22-78
uses-permission#android.permission.BROADCAST_STICKY
ADDED from src/main/AndroidManifest.xml:36:5-75
	android:name
		ADDED from src/main/AndroidManifest.xml:36:22-72
uses-permission#android.permission.ACCES_MOCK_LOCATION
ADDED from src/main/AndroidManifest.xml:37:5-78
	android:name
		ADDED from src/main/AndroidManifest.xml:37:22-75
uses-permission#com.android.launcher.permission.READ_SETTINGS
ADDED from src/main/AndroidManifest.xml:38:5-85
	android:name
		ADDED from src/main/AndroidManifest.xml:38:22-82
uses-permission#android.permission.ACCESS_GPS
ADDED from src/main/AndroidManifest.xml:39:5-69
	android:name
		ADDED from src/main/AndroidManifest.xml:39:22-66
uses-permission#android.permission.CAMERA
ADDED from src/main/AndroidManifest.xml:40:5-65
	android:name
		ADDED from src/main/AndroidManifest.xml:40:22-62
uses-permission#android.permission.SYSTEM_ALERT_WINDOW
ADDED from src/main/AndroidManifest.xml:44:5-78
	android:name
		ADDED from src/main/AndroidManifest.xml:44:22-75
uses-permission#android.permission.RECEIVE_USER_PRESENT
ADDED from src/main/AndroidManifest.xml:45:5-79
	android:name
		ADDED from src/main/AndroidManifest.xml:45:22-76
uses-permission#android.permission.CHANGE_NETWORK_STATE
ADDED from src/main/AndroidManifest.xml:46:5-79
	android:name
		ADDED from src/main/AndroidManifest.xml:46:22-76
uses-permission#android.permission.ACCESS_COARSE_UPDATES
ADDED from src/main/AndroidManifest.xml:47:5-80
	android:name
		ADDED from src/main/AndroidManifest.xml:47:22-77
uses-permission#android.permission.READ_EXTERNAL_STORAGE
ADDED from src/main/AndroidManifest.xml:48:5-80
	android:name
		ADDED from src/main/AndroidManifest.xml:48:22-77
uses-permission#cn.com.unispark.permission.JPUSH_MESSAGE
ADDED from src/main/AndroidManifest.xml:49:5-80
	android:name
		ADDED from src/main/AndroidManifest.xml:49:22-77
uses-permission#android.permission.MOUNT_UNMOUNT_FILESYSTEMS
ADDED from src/main/AndroidManifest.xml:50:5-84
	android:name
		ADDED from src/main/AndroidManifest.xml:50:22-81
uses-permission#android.permission.ACCESS_LOCATION_EXTRA_COMMANDS
ADDED from src/main/AndroidManifest.xml:51:5-89
	android:name
		ADDED from src/main/AndroidManifest.xml:51:22-86
uses-permission#android.permission.WRITE_EXTERNAL_STORAGE
ADDED from src/main/AndroidManifest.xml:52:5-81
	android:name
		ADDED from src/main/AndroidManifest.xml:52:22-78
uses-permission#android.permission.ACCESS_COARSE_LOCATION
ADDED from src/main/AndroidManifest.xml:53:5-81
	android:name
		ADDED from src/main/AndroidManifest.xml:53:22-78
uses-permission#android.permission.ACCESS_FINE_LOCATION
ADDED from src/main/AndroidManifest.xml:54:5-79
	android:name
		ADDED from src/main/AndroidManifest.xml:54:22-76
uses-permission#android.permission.CHANGE_WIFI_STATE
ADDED from src/main/AndroidManifest.xml:55:5-76
	android:name
		ADDED from src/main/AndroidManifest.xml:55:22-73
uses-permission#android.permission.CHANGE_CONFIGURATION
ADDED from src/main/AndroidManifest.xml:56:5-79
	android:name
		ADDED from src/main/AndroidManifest.xml:56:22-76
uses-permission#android.permission.WAKE_LOCK
ADDED from src/main/AndroidManifest.xml:57:5-68
	android:name
		ADDED from src/main/AndroidManifest.xml:57:22-65
uses-permission#android.permission.WRITE_SETTINGS
ADDED from src/main/AndroidManifest.xml:58:5-73
	android:name
		ADDED from src/main/AndroidManifest.xml:58:22-70
uses-permission#android.permission.READ_CONTACTS
ADDED from src/main/AndroidManifest.xml:65:5-72
	android:name
		ADDED from src/main/AndroidManifest.xml:65:22-69
uses-permission#android.permission.READ_CALL_LOG
ADDED from src/main/AndroidManifest.xml:66:5-72
	android:name
		ADDED from src/main/AndroidManifest.xml:66:22-69
uses-permission#android.permission.GET_PACKAGE_SIZE
ADDED from src/main/AndroidManifest.xml:67:5-75
	android:name
		ADDED from src/main/AndroidManifest.xml:67:22-72
uses-permission#android.permission.BATTERY_STATS
ADDED from src/main/AndroidManifest.xml:68:5-72
	android:name
		ADDED from src/main/AndroidManifest.xml:68:22-69
uses-permission#android.permission.BLUETOOTH
ADDED from src/main/AndroidManifest.xml:69:5-68
	android:name
		ADDED from src/main/AndroidManifest.xml:69:22-65
permission#cn.com.unispark.permission.JPUSH_MESSAGE
ADDED from src/main/AndroidManifest.xml:71:5-73:47
	android:protectionLevel
		ADDED from src/main/AndroidManifest.xml:73:9-44
	android:name
		ADDED from src/main/AndroidManifest.xml:72:9-64
uses-feature#android.hardware.touchscreen
ADDED from src/main/AndroidManifest.xml:77:5-65
	android:name
		ADDED from src/main/AndroidManifest.xml:77:19-62
uses-feature#android.hardware.screen.landscape
ADDED from src/main/AndroidManifest.xml:78:5-70
	android:name
		ADDED from src/main/AndroidManifest.xml:78:19-67
uses-feature#android.hardware.wifi
ADDED from src/main/AndroidManifest.xml:79:5-81:36
	android:required
		ADDED from src/main/AndroidManifest.xml:81:9-33
	android:name
		ADDED from src/main/AndroidManifest.xml:80:9-45
uses-feature#android.hardware.camera
ADDED from src/main/AndroidManifest.xml:82:5-84:36
	android:required
		ADDED from src/main/AndroidManifest.xml:84:9-33
	android:name
		ADDED from src/main/AndroidManifest.xml:83:9-47
uses-feature#android.hardware.camera.flash
ADDED from src/main/AndroidManifest.xml:85:5-87:36
	android:required
		ADDED from src/main/AndroidManifest.xml:87:9-33
	android:name
		ADDED from src/main/AndroidManifest.xml:86:9-53
uses-feature#android.hardware.camera.front
ADDED from src/main/AndroidManifest.xml:88:5-90:36
	android:required
		ADDED from src/main/AndroidManifest.xml:90:9-33
	android:name
		ADDED from src/main/AndroidManifest.xml:89:9-53
uses-feature#android.hardware.camera.autofocus
ADDED from src/main/AndroidManifest.xml:91:5-93:36
	android:required
		ADDED from src/main/AndroidManifest.xml:93:9-33
	android:name
		ADDED from src/main/AndroidManifest.xml:92:9-57
application
ADDED from src/main/AndroidManifest.xml:95:5-574:19
MERGED from [:androidPullToRefreshlibrary] AndroidManifest.xml:11:5-20
MERGED from [:androidPullToRefreshlibrary] AndroidManifest.xml:11:5-20
MERGED from [com.android.support:design:26.1.0] AndroidManifest.xml:25:5-29:19
MERGED from [com.android.support:design:26.1.0] AndroidManifest.xml:25:5-29:19
MERGED from [com.jaeger.statusbaruitl:library:1.3.2] AndroidManifest.xml:11:5-20
MERGED from [com.jaeger.statusbaruitl:library:1.3.2] AndroidManifest.xml:11:5-20
MERGED from [com.android.support:transition:26.1.0] AndroidManifest.xml:22:5-26:19
MERGED from [com.android.support:transition:26.1.0] AndroidManifest.xml:22:5-26:19
MERGED from [com.android.support:appcompat-v7:26.1.0] AndroidManifest.xml:25:5-29:19
MERGED from [com.android.support:appcompat-v7:26.1.0] AndroidManifest.xml:25:5-29:19
MERGED from [com.android.support:support-v4:26.1.0] AndroidManifest.xml:25:5-29:19
MERGED from [com.android.support:support-v4:26.1.0] AndroidManifest.xml:25:5-29:19
MERGED from [com.android.support:recyclerview-v7:26.1.0] AndroidManifest.xml:22:5-26:19
MERGED from [com.android.support:recyclerview-v7:26.1.0] AndroidManifest.xml:22:5-26:19
MERGED from [com.android.support:animated-vector-drawable:26.1.0] AndroidManifest.xml:22:5-26:19
MERGED from [com.android.support:animated-vector-drawable:26.1.0] AndroidManifest.xml:22:5-26:19
MERGED from [com.android.support:support-fragment:26.1.0] AndroidManifest.xml:25:5-29:19
MERGED from [com.android.support:support-fragment:26.1.0] AndroidManifest.xml:25:5-29:19
MERGED from [com.android.support:support-core-ui:26.1.0] AndroidManifest.xml:25:5-29:19
MERGED from [com.android.support:support-core-ui:26.1.0] AndroidManifest.xml:25:5-29:19
MERGED from [com.android.support:support-vector-drawable:26.1.0] AndroidManifest.xml:22:5-26:19
MERGED from [com.android.support:support-vector-drawable:26.1.0] AndroidManifest.xml:22:5-26:19
MERGED from [com.android.support:support-media-compat:26.1.0] AndroidManifest.xml:25:5-29:19
MERGED from [com.android.support:support-media-compat:26.1.0] AndroidManifest.xml:25:5-29:19
MERGED from [com.android.support:support-core-utils:26.1.0] AndroidManifest.xml:25:5-29:19
MERGED from [com.android.support:support-core-utils:26.1.0] AndroidManifest.xml:25:5-29:19
MERGED from [com.android.support:support-compat:26.1.0] AndroidManifest.xml:25:5-29:19
MERGED from [com.android.support:support-compat:26.1.0] AndroidManifest.xml:25:5-29:19
MERGED from [android.arch.lifecycle:runtime:1.0.0] AndroidManifest.xml:24:5-28:19
MERGED from [android.arch.lifecycle:runtime:1.0.0] AndroidManifest.xml:24:5-28:19
	android:label
		ADDED from src/main/AndroidManifest.xml:99:9-41
	android:icon
		ADDED from src/main/AndroidManifest.xml:98:9-44
	android:allowBackup
		ADDED from src/main/AndroidManifest.xml:97:9-35
	android:theme
		ADDED from src/main/AndroidManifest.xml:100:9-56
	android:name
		ADDED from src/main/AndroidManifest.xml:96:9-67
meta-data#com.amap.api.v2.apikey
ADDED from src/main/AndroidManifest.xml:106:9-108:64
	android:value
		ADDED from src/main/AndroidManifest.xml:108:13-61
	android:name
		ADDED from src/main/AndroidManifest.xml:107:13-50
meta-data#UMENG_APPKEY
ADDED from src/main/AndroidManifest.xml:113:9-115:56
	android:value
		ADDED from src/main/AndroidManifest.xml:115:13-53
	android:name
		ADDED from src/main/AndroidManifest.xml:114:13-40
meta-data#JPUSH_APPKEY
ADDED from src/main/AndroidManifest.xml:118:9-120:56
	android:value
		ADDED from src/main/AndroidManifest.xml:120:13-53
	android:name
		ADDED from src/main/AndroidManifest.xml:119:13-40
meta-data#design_width
ADDED from src/main/AndroidManifest.xml:123:9-125:35
	android:value
		ADDED from src/main/AndroidManifest.xml:125:13-32
	android:name
		ADDED from src/main/AndroidManifest.xml:124:13-40
meta-data#design_height
ADDED from src/main/AndroidManifest.xml:126:9-128:36
	android:value
		ADDED from src/main/AndroidManifest.xml:128:13-33
	android:name
		ADDED from src/main/AndroidManifest.xml:127:13-41
meta-data#UMENG_CHANNEL
ADDED from src/main/AndroidManifest.xml:132:9-74
	android:value
		ADDED from src/main/AndroidManifest.xml:132:49-71
	android:name
		ADDED from src/main/AndroidManifest.xml:132:20-48
activity#cn.com.unispark.login.SplashActivity
ADDED from src/main/AndroidManifest.xml:213:9-224:20
	android:screenOrientation
		ADDED from src/main/AndroidManifest.xml:217:13-49
	android:label
		ADDED from src/main/AndroidManifest.xml:216:13-45
	android:configChanges
		ADDED from src/main/AndroidManifest.xml:215:13-85
	android:theme
		ADDED from src/main/AndroidManifest.xml:218:13-61
	android:name
		ADDED from src/main/AndroidManifest.xml:214:13-64
intent-filter#android.intent.action.MAIN+android.intent.category.LAUNCHER
ADDED from src/main/AndroidManifest.xml:219:13-223:29
action#android.intent.action.MAIN
ADDED from src/main/AndroidManifest.xml:220:17-69
	android:name
		ADDED from src/main/AndroidManifest.xml:220:25-66
category#android.intent.category.LAUNCHER
ADDED from src/main/AndroidManifest.xml:222:17-77
	android:name
		ADDED from src/main/AndroidManifest.xml:222:27-74
activity#cn.com.unispark.TestActivity
ADDED from src/main/AndroidManifest.xml:227:9-65
	android:name
		ADDED from src/main/AndroidManifest.xml:227:19-62
activity#cn.com.unispark.fragment.home.map.MapActivity
ADDED from src/main/AndroidManifest.xml:230:9-232:46
	android:launchMode
		ADDED from src/main/AndroidManifest.xml:232:13-43
	android:name
		ADDED from src/main/AndroidManifest.xml:231:13-73
activity#cn.com.unispark.fragment.home.map.TuiJianActivity
ADDED from src/main/AndroidManifest.xml:235:9-237:46
	android:launchMode
		ADDED from src/main/AndroidManifest.xml:237:13-43
	android:name
		ADDED from src/main/AndroidManifest.xml:236:13-77
activity#cn.com.unispark.login.LoginActivity
ADDED from src/main/AndroidManifest.xml:240:9-242:64
	android:theme
		ADDED from src/main/AndroidManifest.xml:242:13-61
	android:name
		ADDED from src/main/AndroidManifest.xml:241:13-48
activity#cn.com.unispark.login.ReadAgreeActivity
ADDED from src/main/AndroidManifest.xml:245:9-61
	android:name
		ADDED from src/main/AndroidManifest.xml:245:19-58
activity#cn.com.unispark.MainActivity
ADDED from src/main/AndroidManifest.xml:248:9-50
	android:name
		ADDED from src/main/AndroidManifest.xml:248:19-47
activity#cn.com.unispark.fragment.treasure.lease.LeaseCarActivity
ADDED from src/main/AndroidManifest.xml:251:9-93
	android:name
		ADDED from src/main/AndroidManifest.xml:251:19-90
activity#cn.com.unispark.fragment.home.viewpager.WebActiveActivity
ADDED from src/main/AndroidManifest.xml:254:9-79
	android:name
		ADDED from src/main/AndroidManifest.xml:254:19-76
activity#cn.com.unispark.fragment.treasure.activity.ActiveActivity
ADDED from src/main/AndroidManifest.xml:257:9-79
	android:name
		ADDED from src/main/AndroidManifest.xml:257:19-76
activity#cn.com.unispark.fragment.home.map.navigation.NavVoiceActivity
ADDED from src/main/AndroidManifest.xml:262:9-264:58
	android:windowSoftInputMode
		ADDED from src/main/AndroidManifest.xml:264:13-55
	android:name
		ADDED from src/main/AndroidManifest.xml:263:13-89
activity#cn.com.unispark.fragment.home.map.navigation.NavDetailActivity
ADDED from src/main/AndroidManifest.xml:267:9-269:58
	android:windowSoftInputMode
		ADDED from src/main/AndroidManifest.xml:269:13-55
	android:name
		ADDED from src/main/AndroidManifest.xml:268:13-90
activity#cn.com.unispark.fragment.home.map.SearchActivity
ADDED from src/main/AndroidManifest.xml:272:9-70
	android:name
		ADDED from src/main/AndroidManifest.xml:272:19-67
activity#cn.com.unispark.fragment.home.recordcar.RecordCarActivity
ADDED from src/main/AndroidManifest.xml:275:9-277:47
	android:launchMode
		ADDED from src/main/AndroidManifest.xml:277:13-44
	android:name
		ADDED from src/main/AndroidManifest.xml:276:13-70
activity#cn.com.unispark.fragment.home.pay.PayFeeActivity
ADDED from src/main/AndroidManifest.xml:280:9-70
	android:name
		ADDED from src/main/AndroidManifest.xml:280:19-67
activity#cn.com.unispark.fragment.home.pay.PayResultActivity
ADDED from src/main/AndroidManifest.xml:283:9-88
	android:name
		ADDED from src/main/AndroidManifest.xml:283:19-85
activity#cn.com.unispark.fragment.home.pay.OrderDetailsActivity
ADDED from src/main/AndroidManifest.xml:286:9-76
	android:name
		ADDED from src/main/AndroidManifest.xml:286:19-73
activity#cn.com.unispark.fragment.home.pay.PayCouponsActivity
ADDED from src/main/AndroidManifest.xml:289:9-74
	android:name
		ADDED from src/main/AndroidManifest.xml:289:19-71
activity#cn.com.unispark.fragment.mine.vipcard.PhotoActivity
ADDED from src/main/AndroidManifest.xml:291:9-293:47
	android:launchMode
		ADDED from src/main/AndroidManifest.xml:293:13-44
	android:name
		ADDED from src/main/AndroidManifest.xml:292:13-79
activity#cn.com.unispark.fragment.mine.coupons.CouponsActivity
ADDED from src/main/AndroidManifest.xml:295:9-297:55
	android:theme
		ADDED from src/main/AndroidManifest.xml:297:13-52
	android:name
		ADDED from src/main/AndroidManifest.xml:296:13-66
activity#cn.com.unispark.fragment.mine.personinfo.PersonInfoActivity
ADDED from src/main/AndroidManifest.xml:300:9-96
	android:name
		ADDED from src/main/AndroidManifest.xml:300:19-93
activity#cn.com.unispark.fragment.mine.wallet.WalletActivity
ADDED from src/main/AndroidManifest.xml:302:9-88
	android:name
		ADDED from src/main/AndroidManifest.xml:302:19-85
activity#cn.com.unispark.fragment.mine.plate.PlateManagerActivity
ADDED from src/main/AndroidManifest.xml:304:9-93
	android:name
		ADDED from src/main/AndroidManifest.xml:304:19-90
activity#cn.com.unispark.fragment.mine.plate.PlateAddActivity
ADDED from src/main/AndroidManifest.xml:306:9-89
	android:name
		ADDED from src/main/AndroidManifest.xml:306:19-86
activity#cn.com.unispark.fragment.mine.plate.PlateBackActivity
ADDED from src/main/AndroidManifest.xml:308:9-90
	android:name
		ADDED from src/main/AndroidManifest.xml:308:19-87
activity#cn.com.unispark.fragment.mine.plate.PlateResultActivity
ADDED from src/main/AndroidManifest.xml:310:9-92
	android:name
		ADDED from src/main/AndroidManifest.xml:310:19-89
activity#cn.com.unispark.fragment.mine.conversation.ConversationActivity
ADDED from src/main/AndroidManifest.xml:312:9-314:58
	android:windowSoftInputMode
		ADDED from src/main/AndroidManifest.xml:314:13-55
	android:name
		ADDED from src/main/AndroidManifest.xml:313:13-91
activity#cn.com.unispark.fragment.treasure.lease.LeaseMyActivity
ADDED from src/main/AndroidManifest.xml:316:9-92
	android:name
		ADDED from src/main/AndroidManifest.xml:316:19-89
activity#cn.com.unispark.fragment.treasure.lease.LeaseDetailActivity
ADDED from src/main/AndroidManifest.xml:319:9-96
	android:name
		ADDED from src/main/AndroidManifest.xml:319:19-93
activity#cn.com.unispark.fragment.treasure.lease.calendar.CalendarActivity
ADDED from src/main/AndroidManifest.xml:322:9-102
	android:name
		ADDED from src/main/AndroidManifest.xml:322:19-99
activity#cn.com.unispark.fragment.mine.creditcard.CreditBindOneActivity
ADDED from src/main/AndroidManifest.xml:325:9-99
	android:name
		ADDED from src/main/AndroidManifest.xml:325:19-96
activity#cn.com.unispark.fragment.mine.creditcard.CreditBindTwoActivity
ADDED from src/main/AndroidManifest.xml:328:9-99
	android:name
		ADDED from src/main/AndroidManifest.xml:328:19-96
activity#cn.com.unispark.fragment.mine.creditcard.CreditPayOneActivity
ADDED from src/main/AndroidManifest.xml:331:9-98
	android:name
		ADDED from src/main/AndroidManifest.xml:331:19-95
activity#cn.com.unispark.fragment.mine.creditcard.CreditPayTwoActivity
ADDED from src/main/AndroidManifest.xml:334:9-98
	android:name
		ADDED from src/main/AndroidManifest.xml:334:19-95
activity#cn.com.unispark.fragment.mine.vipcard.QrScanActivity
ADDED from src/main/AndroidManifest.xml:337:9-339:69
	android:theme
		ADDED from src/main/AndroidManifest.xml:339:13-66
	android:name
		ADDED from src/main/AndroidManifest.xml:338:13-65
activity#cn.com.unispark.fragment.mine.vipcard.UserQrActivity
ADDED from src/main/AndroidManifest.xml:342:9-74
	android:name
		ADDED from src/main/AndroidManifest.xml:342:19-71
activity#cn.com.unispark.fragment.mine.vipcard.VipCardActivity
ADDED from src/main/AndroidManifest.xml:345:9-90
	android:name
		ADDED from src/main/AndroidManifest.xml:345:19-87
activity#cn.com.unispark.fragment.mine.setting.SettingActivity
ADDED from src/main/AndroidManifest.xml:350:9-75
	android:name
		ADDED from src/main/AndroidManifest.xml:350:19-72
activity#cn.com.unispark.fragment.mine.setting.offlinemap.DownLoadManagerActivity
ADDED from src/main/AndroidManifest.xml:351:9-109
	android:name
		ADDED from src/main/AndroidManifest.xml:351:19-106
activity#cn.com.unispark.fragment.mine.recharge.RecodeDetailActivity
ADDED from src/main/AndroidManifest.xml:352:9-96
	android:name
		ADDED from src/main/AndroidManifest.xml:352:19-93
activity#cn.com.unispark.fragment.mine.msgpush.MsgActivity
ADDED from src/main/AndroidManifest.xml:355:9-86
	android:name
		ADDED from src/main/AndroidManifest.xml:355:19-83
activity#cn.com.unispark.fragment.mine.msgpush.MsgDetailActivity
ADDED from src/main/AndroidManifest.xml:358:9-92
	android:name
		ADDED from src/main/AndroidManifest.xml:358:19-89
activity#cn.com.unispark.fragment.mine.parkrecord.ParkRecordActivity
ADDED from src/main/AndroidManifest.xml:361:9-96
	android:name
		ADDED from src/main/AndroidManifest.xml:361:19-93
activity#cn.com.unispark.fragment.mine.recharge.RechargeActivity
ADDED from src/main/AndroidManifest.xml:364:9-92
	android:name
		ADDED from src/main/AndroidManifest.xml:364:19-89
activity#cn.com.unispark.fragment.mine.recharge.RemainActivity
ADDED from src/main/AndroidManifest.xml:367:9-90
	android:name
		ADDED from src/main/AndroidManifest.xml:367:19-87
activity#cn.com.unispark.fragment.mine.recharge.RemainDetailActivity
ADDED from src/main/AndroidManifest.xml:370:9-373:55
	android:screenOrientation
		ADDED from src/main/AndroidManifest.xml:372:13-49
	android:theme
		ADDED from src/main/AndroidManifest.xml:373:13-52
	android:name
		ADDED from src/main/AndroidManifest.xml:371:13-87
activity#cn.com.unispark.fragment.mine.setting.aboutinfo.ServiceAgreeActivity
ADDED from src/main/AndroidManifest.xml:376:9-105
	android:name
		ADDED from src/main/AndroidManifest.xml:376:19-102
activity#cn.com.unispark.fragment.mine.setting.aboutinfo.AboutInfoActivity
ADDED from src/main/AndroidManifest.xml:378:9-102
	android:name
		ADDED from src/main/AndroidManifest.xml:378:19-99
activity#cn.com.unispark.fragment.mine.setting.citylist.CityListActivity
ADDED from src/main/AndroidManifest.xml:383:9-85
	android:name
		ADDED from src/main/AndroidManifest.xml:383:19-82
activity#cn.com.unispark.fragment.home.map.ParkInfoActivity
ADDED from src/main/AndroidManifest.xml:389:9-87
	android:name
		ADDED from src/main/AndroidManifest.xml:389:19-84
activity#cn.com.unispark.fragment.treasure.lease.LeaseResultActivity
ADDED from src/main/AndroidManifest.xml:394:9-96
	android:name
		ADDED from src/main/AndroidManifest.xml:394:19-93
activity#cn.com.unispark.wxapi.WXPayEntryActivity
ADDED from src/main/AndroidManifest.xml:399:9-403:86
	android:launchMode
		ADDED from src/main/AndroidManifest.xml:402:13-43
	android:exported
		ADDED from src/main/AndroidManifest.xml:401:13-36
	android:theme
		ADDED from src/main/AndroidManifest.xml:403:13-83
	android:name
		ADDED from src/main/AndroidManifest.xml:400:13-68
activity#cn.com.unispark.wxapi.WXEntryActivity
ADDED from src/main/AndroidManifest.xml:406:9-411:75
	android:screenOrientation
		ADDED from src/main/AndroidManifest.xml:410:13-49
	android:exported
		ADDED from src/main/AndroidManifest.xml:409:13-36
	android:configChanges
		ADDED from src/main/AndroidManifest.xml:408:13-74
	android:theme
		ADDED from src/main/AndroidManifest.xml:411:13-72
	android:name
		ADDED from src/main/AndroidManifest.xml:407:13-65
activity#com.yintong.secure.activity.BaseActivity
ADDED from src/main/AndroidManifest.xml:415:9-421:20
	android:screenOrientation
		ADDED from src/main/AndroidManifest.xml:418:13-49
	android:windowSoftInputMode
		ADDED from src/main/AndroidManifest.xml:420:13-55
	android:configChanges
		ADDED from src/main/AndroidManifest.xml:417:13-63
	android:theme
		ADDED from src/main/AndroidManifest.xml:419:13-72
	android:name
		ADDED from src/main/AndroidManifest.xml:416:13-68
activity#com.alipay.sdk.app.H5PayActivity
ADDED from src/main/AndroidManifest.xml:423:9-428:20
	android:screenOrientation
		ADDED from src/main/AndroidManifest.xml:427:13-47
	android:exported
		ADDED from src/main/AndroidManifest.xml:426:13-37
	android:configChanges
		ADDED from src/main/AndroidManifest.xml:425:13-74
	android:name
		ADDED from src/main/AndroidManifest.xml:424:13-60
activity#com.alipay.sdk.auth.AuthActivity
ADDED from src/main/AndroidManifest.xml:429:9-434:20
	android:screenOrientation
		ADDED from src/main/AndroidManifest.xml:433:13-47
	android:exported
		ADDED from src/main/AndroidManifest.xml:432:13-37
	android:configChanges
		ADDED from src/main/AndroidManifest.xml:431:13-74
	android:name
		ADDED from src/main/AndroidManifest.xml:430:13-60
service#com.yintong.secure.service.PayService
ADDED from src/main/AndroidManifest.xml:436:9-439:19
	android:exported
		ADDED from src/main/AndroidManifest.xml:438:13-37
	android:name
		ADDED from src/main/AndroidManifest.xml:437:13-65
service#com.umeng.update.net.DownloadingService
ADDED from src/main/AndroidManifest.xml:443:9-446:19
	android:process
		ADDED from src/main/AndroidManifest.xml:445:13-50
	android:name
		ADDED from src/main/AndroidManifest.xml:444:13-67
activity#com.umeng.update.UpdateDialogActivity
ADDED from src/main/AndroidManifest.xml:448:9-451:20
	android:theme
		ADDED from src/main/AndroidManifest.xml:450:13-72
	android:name
		ADDED from src/main/AndroidManifest.xml:449:13-65
activity#com.umeng.socialize.view.ShareActivity
ADDED from src/main/AndroidManifest.xml:455:9-461:20
	android:launchMode
		ADDED from src/main/AndroidManifest.xml:458:13-44
	android:windowSoftInputMode
		ADDED from src/main/AndroidManifest.xml:460:13-68
	android:noHistory
		ADDED from src/main/AndroidManifest.xml:459:13-37
	android:configChanges
		ADDED from src/main/AndroidManifest.xml:457:13-57
	android:name
		ADDED from src/main/AndroidManifest.xml:456:13-66
activity#com.umeng.fb.ConversationActivity
ADDED from src/main/AndroidManifest.xml:465:9-70
	android:name
		ADDED from src/main/AndroidManifest.xml:465:19-67
activity#cn.jpush.android.ui.PushActivity
ADDED from src/main/AndroidManifest.xml:468:9-478:20
	android:configChanges
		ADDED from src/main/AndroidManifest.xml:470:13-63
	android:theme
		ADDED from src/main/AndroidManifest.xml:471:13-72
	android:name
		ADDED from src/main/AndroidManifest.xml:469:13-60